0 info it worked if it ends with ok
1 verbose cli [ '/usr/local/bin/node',
1 verbose cli   '/usr/local/bin/npm',
1 verbose cli   'run',
1 verbose cli   'watch',
1 verbose cli   '--color' ]
2 info using npm@3.10.8
3 info using node@v6.8.1
4 verbose run-script [ 'prewatch', 'watch', 'postwatch' ]
5 info lifecycle ionic-hello-world@~prewatch: ionic-hello-world@
6 silly lifecycle ionic-hello-world@~prewatch: no script for prewatch, continuing
7 info lifecycle ionic-hello-world@~watch: ionic-hello-world@
8 verbose lifecycle ionic-hello-world@~watch: unsafe-perm in lifecycle true
9 verbose lifecycle ionic-hello-world@~watch: PATH: /usr/local/lib/node_modules/npm/bin/node-gyp-bin:/Users/Eric/healthControl/node_modules/.bin:/Library/Frameworks/Python.framework/Versions/3.5/bin:/usr/local/bin:/usr/bin:/bin:/usr/sbin:/sbin:/opt/X11/bin
10 verbose lifecycle ionic-hello-world@~watch: CWD: /Users/Eric/healthControl
11 silly lifecycle ionic-hello-world@~watch: Args: [ '-c', 'ionic-app-scripts watch' ]
12 silly lifecycle ionic-hello-world@~watch: Returned: code: 1  signal: null
13 info lifecycle ionic-hello-world@~watch: Failed to exec watch script
14 verbose stack Error: ionic-hello-world@ watch: `ionic-app-scripts watch`
14 verbose stack Exit status 1
14 verbose stack     at EventEmitter.<anonymous> (/usr/local/lib/node_modules/npm/lib/utils/lifecycle.js:255:16)
14 verbose stack     at emitTwo (events.js:106:13)
14 verbose stack     at EventEmitter.emit (events.js:191:7)
14 verbose stack     at ChildProcess.<anonymous> (/usr/local/lib/node_modules/npm/lib/utils/spawn.js:40:14)
14 verbose stack     at emitTwo (events.js:106:13)
14 verbose stack     at ChildProcess.emit (events.js:191:7)
14 verbose stack     at maybeClose (internal/child_process.js:877:16)
14 verbose stack     at Process.ChildProcess._handle.onexit (internal/child_process.js:226:5)
15 verbose pkgid ionic-hello-world@
16 verbose cwd /Users/Eric/healthControl
17 error Darwin 16.1.0
18 error argv "/usr/local/bin/node" "/usr/local/bin/npm" "run" "watch" "--color"
19 error node v6.8.1
20 error npm  v3.10.8
21 error code ELIFECYCLE
22 error ionic-hello-world@ watch: `ionic-app-scripts watch`
22 error Exit status 1
23 error Failed at the ionic-hello-world@ watch script 'ionic-app-scripts watch'.
23 error Make sure you have the latest version of node.js and npm installed.
23 error If you do, this is most likely a problem with the ionic-hello-world package,
23 error not with npm itself.
23 error Tell the author that this fails on your system:
23 error     ionic-app-scripts watch
23 error You can get information on how to open an issue for this project with:
23 error     npm bugs ionic-hello-world
23 error Or if that isn't available, you can get their info via:
23 error     npm owner ls ionic-hello-world
23 error There is likely additional logging output above.
24 verbose exit [ 1, true ]
